Arguments: 
  D:\nodejs\node.exe D:\package\node_modules\yarn\bin\yarn.js init

PATH: 
  C:\WINDOWS\system32;C:\WINDOWS;C:\WINDOWS\System32\Wbem;C:\WINDOWS\System32\WindowsPowerShell\v1.0\;C:\WINDOWS\System32\OpenSSH\;D:\package;C:\Program Files\TortoiseSVN\bin;D:\Git\cmd;D:\nodejs\;C:\Users\admin\AppData\Local\Microsoft\WindowsApps;D:\WebStorm 2021.2.3\bin;;D:\Microsoft VS Code\bin;C:\Users\admin\AppData\Roaming\npm;

Yarn version: 
  1.22.17

Node version: 
  14.17.6

Platform: 
  win32 x64

Trace: 
  Error: canceled
      at Interface.<anonymous> (D:\package\node_modules\yarn\lib\cli.js:137143:13)
      at Interface.emit (events.js:400:28)
      at Interface._ttyWrite (readline.js:910:16)
      at ReadStream.onkeypress (readline.js:235:10)
      at ReadStream.emit (events.js:400:28)
      at emitKeys (internal/readline/utils.js:358:14)
      at emitKeys.next (<anonymous>)
      at ReadStream.onData (readline.js:1179:36)
      at ReadStream.emit (events.js:400:28)
      at addChunk (internal/streams/readable.js:290:12)

npm manifest: 
  {
    "name": "react-server",
    "version": "1.0.0",
    "description": "an example of react.js in server",
    "main": "server.js",
    "scripts": {
      "build": "babel -d . src/",
      "test": "echo \"Error: no test specified\" && exit 1"
    },
    "author": "ruanyf",
    "license": "ISC",
    "dependencies": {
      "browserify": "^16.2.3",
      "literalify": "~0.4.0",
      "react": "^16.7.0",
      "react-dom": "^16.7.0"
    },
    "devDependencies": {
      "babel-cli": "^6.26.0",
      "babel-preset-es2015": "^6.24.1",
      "babel-preset-react": "^6.24.1"
    }
  }

yarn manifest: 
  No manifest

Lockfile: 
  No lockfile
